Determining if the pthread_create exist failed with the following output:
Change Dir: /home/localguest/Documents/Neuron/NeuronProject/src/CMakeFiles/CMakeTmp

Run Build Command:"/usr/bin/make" "cmTryCompileExec3269058340/fast"
/usr/bin/make -f CMakeFiles/cmTryCompileExec3269058340.dir/build.make CMakeFiles/cmTryCompileExec3269058340.dir/build
make[1]: Entering directory `/home/localguest/Documents/Neuron/NeuronProject/src/CMakeFiles/CMakeTmp'
/usr/local/bin/cmake -E cmake_progress_report /home/localguest/Documents/Neuron/NeuronProject/src/CMakeFiles/CMakeTmp/CMakeFiles 1
Building C object CMakeFiles/cmTryCompileExec3269058340.dir/CheckSymbolExists.c.o
/usr/bin/cc    -o CMakeFiles/cmTryCompileExec3269058340.dir/CheckSymbolExists.c.o   -c /home/localguest/Documents/Neuron/NeuronProject/src/CMakeFiles/CMakeTmp/CheckSymbolExists.c
Linking C executable cmTryCompileExec3269058340
/usr/local/bin/cmake -E cmake_link_script CMakeFiles/cmTryCompileExec3269058340.dir/link.txt --verbose=1
/usr/bin/cc       CMakeFiles/cmTryCompileExec3269058340.dir/CheckSymbolExists.c.o  -o cmTryCompileExec3269058340 -rdynamic 
CMakeFiles/cmTryCompileExec3269058340.dir/CheckSymbolExists.c.o: In function `main':
CheckSymbolExists.c:(.text+0x16): undefined reference to `pthread_create'
collect2: error: ld returned 1 exit status
make[1]: Leaving directory `/home/localguest/Documents/Neuron/NeuronProject/src/CMakeFiles/CMakeTmp'
make[1]: *** [cmTryCompileExec3269058340] Error 1
make: *** [cmTryCompileExec3269058340/fast] Error 2

File /home/localguest/Documents/Neuron/NeuronProject/src/CMakeFiles/CMakeTmp/CheckSymbolExists.c:
/* */
#include <pthread.h>

int main(int argc, char** argv)
{
  (void)argv;
#ifndef pthread_create
  return ((int*)(&pthread_create))[argc];
#else
  (void)argc;
  return 0;
#endif
}

